<?xml version="1.0" encoding="UTF-8"?>
<testng-results skipped="0" failed="0" ignored="0" total="2" passed="2">
  <reporter-output>
  </reporter-output>
  <suite name="com.qa.crm.testcase.LoginPageTest" duration-ms="30397" started-at="2018-07-17T19:10:01Z" finished-at="2018-07-17T19:10:31Z">
    <groups>
    </groups>
    <test name="Command line test" duration-ms="30397" started-at="2018-07-17T19:10:01Z" finished-at="2018-07-17T19:10:31Z">
      <class name="com.qa.crm.testcase.LoginPageTest">
        <test-method status="PASS" signature="init()[pri:0, instance:com.qa.crm.testcase.LoginPageTest@1593948d]" name="init" is-config="true" duration-ms="11346" started-at="2018-07-17T19:10:01Z" finished-at="2018-07-17T19:10:12Z">
          <reporter-output>
          </reporter-output>
        </test-method> <!-- init -->
        <test-method status="PASS" signature="verifylogo()[pri:1, instance:com.qa.crm.testcase.LoginPageTest@1593948d]" name="verifylogo" duration-ms="44" started-at="2018-07-17T19:10:12Z" finished-at="2018-07-17T19:10:12Z">
          <reporter-output>
          </reporter-output>
        </test-method> <!-- verifylogo -->
        <test-method status="PASS" signature="close()[pri:0, instance:com.qa.crm.testcase.LoginPageTest@1593948d]" name="close" is-config="true" duration-ms="830" started-at="2018-07-17T19:10:12Z" finished-at="2018-07-17T19:10:13Z">
          <reporter-output>
          </reporter-output>
        </test-method> <!-- close -->
        <test-method status="PASS" signature="init()[pri:0, instance:com.qa.crm.testcase.LoginPageTest@1593948d]" name="init" is-config="true" duration-ms="8940" started-at="2018-07-17T19:10:13Z" finished-at="2018-07-17T19:10:22Z">
          <reporter-output>
          </reporter-output>
        </test-method> <!-- init -->
        <test-method status="PASS" signature="LoginToHome()[pri:2, instance:com.qa.crm.testcase.LoginPageTest@1593948d]" name="LoginToHome" duration-ms="8409" started-at="2018-07-17T19:10:22Z" finished-at="2018-07-17T19:10:31Z">
          <reporter-output>
          </reporter-output>
        </test-method> <!-- LoginToHome -->
        <test-method status="PASS" signature="close()[pri:0, instance:com.qa.crm.testcase.LoginPageTest@1593948d]" name="close" is-config="true" duration-ms="801" started-at="2018-07-17T19:10:31Z" finished-at="2018-07-17T19:10:31Z">
          <reporter-output>
          </reporter-output>
        </test-method> <!-- close -->
      </class> <!-- com.qa.crm.testcase.LoginPageTest -->
    </test> <!-- Command line test -->
  </suite> <!-- com.qa.crm.testcase.LoginPageTest -->
</testng-results>
